<?xml version="1.0" encoding="UTF-8"?>
<testsuites name="jest tests" tests="17" failures="0" errors="0" time="0.79">
  <testsuite name="CatalogService" errors="0" failures="0" skipped="0" timestamp="2026-03-05T17:46:09" time="0.382" tests="7">
    <testcase classname="CatalogService should be defined" name="CatalogService should be defined" time="0.006">
    </testcase>
    <testcase classname="CatalogService discoverFromLocation should discover and register a component" name="CatalogService discoverFromLocation should discover and register a component" time="0.004">
    </testcase>
    <testcase classname="CatalogService registerYaml should register a component from valid YAML" name="CatalogService registerYaml should register a component from valid YAML" time="0.001">
    </testcase>
    <testcase classname="CatalogService create should create a component with dependencies" name="CatalogService create should create a component with dependencies" time="0.002">
    </testcase>
    <testcase classname="CatalogService findAll should return all components with relations" name="CatalogService findAll should return all components with relations" time="0.002">
    </testcase>
    <testcase classname="CatalogService findOne should return a component by ID with relations" name="CatalogService findOne should return a component by ID with relations" time="0.001">
    </testcase>
    <testcase classname="CatalogService update should update dependencies" name="CatalogService update should update dependencies" time="0.003">
    </testcase>
  </testsuite>
  <testsuite name="DocumentationService" errors="0" failures="0" skipped="0" timestamp="2026-03-05T17:46:09" time="0.107" tests="4">
    <testcase classname="DocumentationService should be defined" name="DocumentationService should be defined" time="0.003">
    </testcase>
    <testcase classname="DocumentationService create should create documentation" name="DocumentationService create should create documentation" time="0.001">
    </testcase>
    <testcase classname="DocumentationService getContent should fetch and return content from sourceUrl" name="DocumentationService getContent should fetch and return content from sourceUrl" time="0.001">
    </testcase>
    <testcase classname="DocumentationService getContent should throw NotFoundException if fetching fails" name="DocumentationService getContent should throw NotFoundException if fetching fails" time="0.007">
    </testcase>
  </testsuite>
  <testsuite name="AuthService" errors="0" failures="0" skipped="0" timestamp="2026-03-05T17:46:09" time="0.091" tests="5">
    <testcase classname="AuthService should be defined" name="AuthService should be defined" time="0.002">
    </testcase>
    <testcase classname="AuthService register should register a user" name="AuthService register should register a user" time="0.001">
    </testcase>
    <testcase classname="AuthService register should throw ConflictException if user exists" name="AuthService register should throw ConflictException if user exists" time="0.002">
    </testcase>
    <testcase classname="AuthService login should login with valid credentials" name="AuthService login should login with valid credentials" time="0.001">
    </testcase>
    <testcase classname="AuthService login should throw UnauthorizedException for invalid password" name="AuthService login should throw UnauthorizedException for invalid password" time="0.001">
    </testcase>
  </testsuite>
  <testsuite name="AppController" errors="0" failures="0" skipped="0" timestamp="2026-03-05T17:46:09" time="0.048" tests="1">
    <testcase classname="AppController getHealth should return status ok" name="AppController getHealth should return status ok" time="0.002">
    </testcase>
  </testsuite>
</testsuites>